\BOOKMARK [1][-]{section.1}{\376\377\000I\000n\000t\000r\000o\000d\000u\000c\000t\000i\000o\000n}{}% 1
\BOOKMARK [2][-]{subsection.1.1}{\376\377\000T\000e\000X}{section.1}% 2
\BOOKMARK [2][-]{subsection.1.2}{\376\377\000L\000a\000T\000e\000X}{section.1}% 3
\BOOKMARK [2][-]{subsection.1.3}{\376\377\000V\000a\000r\000i\000o\000u\000s\000\040\000F\000i\000l\000e\000s}{section.1}% 4
\BOOKMARK [3][-]{subsubsection.1.3.1}{\376\377\000F\000i\000l\000e\000s\000\040\000W\000i\000t\000h\000\040\000L\000a\000T\000e\000X}{subsection.1.3}% 5
\BOOKMARK [3][-]{subsubsection.1.3.2}{\376\377\000F\000i\000l\000e\000s\000\040\000O\000u\000t\000p\000u\000t\000e\000d}{subsection.1.3}% 6
\BOOKMARK [1][-]{section.2}{\376\377\000T\000e\000r\000m\000i\000n\000o\000l\000o\000g\000y}{}% 7
\BOOKMARK [2][-]{subsection.2.1}{\376\377\000P\000r\000e\000a\000m\000b\000l\000e}{section.2}% 8
\BOOKMARK [2][-]{subsection.2.2}{\376\377\000c\000l\000a\000s\000s\000\040\000f\000i\000l\000e\000s}{section.2}% 9
\BOOKMARK [2][-]{subsection.2.3}{\376\377\000P\000a\000c\000k\000a\000g\000e\000s}{section.2}% 10
\BOOKMARK [2][-]{subsection.2.4}{\376\377\000c\000o\000m\000m\000a\000n\000d}{section.2}% 11
\BOOKMARK [2][-]{subsection.2.5}{\376\377\000E\000n\000v\000i\000r\000o\000n\000m\000e\000n\000t}{section.2}% 12
\BOOKMARK [2][-]{subsection.2.6}{\376\377\000D\000o\000c\000u\000m\000e\000n\000t\000\040\000E\000n\000v\000i\000r\000o\000n\000m\000e\000n\000t}{section.2}% 13
\BOOKMARK [2][-]{subsection.2.7}{\376\377\000C\000T\000A\000N}{section.2}% 14
\BOOKMARK [2][-]{subsection.2.8}{\376\377\000L\000a\000t\000e\000x\000\040\000D\000i\000s\000t\000r\000i\000b\000u\000t\000i\000o\000n\000s}{section.2}% 15
\BOOKMARK [2][-]{subsection.2.9}{\376\377\000M\000a\000t\000h\000\040\000M\000o\000d\000e}{section.2}% 16
\BOOKMARK [1][-]{section.3}{\376\377\000N\000e\000w\000\040\000E\000n\000v\000i\000r\000o\000n\000m\000e\000n\000t\000s}{}% 17
\BOOKMARK [2][-]{subsection.3.1}{\376\377\000B\000a\000s\000i\000c\000\040\000E\000n\000v\000i\000r\000o\000n\000m\000e\000n\000t}{section.3}% 18
\BOOKMARK [2][-]{subsection.3.2}{\376\377\000E\000n\000v\000i\000r\000o\000n\000m\000e\000n\000t\000s\000\040\000w\000i\000t\000h\000\040\000P\000a\000r\000a\000m\000e\000t\000e\000r\000s}{section.3}% 19
\BOOKMARK [2][-]{subsection.3.3}{\376\377\000O\000v\000e\000r\000w\000r\000i\000t\000i\000n\000g\000\040\000e\000x\000i\000s\000t\000i\000n\000g\000\040\000e\000n\000v\000i\000r\000o\000n\000m\000e\000n\000t\000s}{section.3}% 20
\BOOKMARK [2][-]{subsection.3.4}{\376\377\000S\000u\000m\000m\000a\000r\000y\000\040\000o\000f\000\040\000E\000n\000v\000i\000r\000o\000n\000m\000e\000n\000t\000s}{section.3}% 21
